[16:15:17] [main/WARN]: Ambiguity between arguments [teleport, destination] and [teleport, targets] with inputs: [Player, 0123, @e, dd12be42-52a9-4a91-a8a1-11c01849e498]
[16:15:17] [main/WARN]: Ambiguity between arguments [teleport, location] and [teleport, destination] with inputs: [0.1 -0.5 .9, 0 0 0]
[16:15:17] [main/WARN]: Ambiguity between arguments [teleport, location] and [teleport, targets] with inputs: [0.1 -0.5 .9, 0 0 0]
[16:15:17] [main/WARN]: Ambiguity between arguments [teleport, targets] and [teleport, destination] with inputs: [Player, 0123, dd12be42-52a9-4a91-a8a1-11c01849e498]
[16:15:17] [main/WARN]: Ambiguity between arguments [teleport, targets, location] and [teleport, targets, destination] with inputs: [0.1 -0.5 .9, 0 0 0]
[16:15:17] [Server thread/INFO]: Starting minecraft server version 1.15.1
[16:15:17] [Server thread/INFO]: Loading properties
[16:15:17] [Server thread/INFO]: Default game type: SURVIVAL
[16:15:17] [Server thread/INFO]: Generating keypair
[16:15:18] [Server thread/INFO]: Starting Minecraft server on *:25565
[16:15:18] [Server thread/INFO]: Using default channel type
[16:15:18] [Server thread/INFO]: Preparing level "world"
[16:15:18] [Server thread/INFO]: Found new data pack vanilla, loading it automatically
[16:15:18] [Server thread/INFO]: Reloading ResourceManager: Default
[16:15:19] [Server thread/INFO]: Loaded 6 recipes
[16:15:19] [Server thread/INFO]: Loaded 825 advancements
[16:15:26] [Server thread/INFO]: Preparing start region for dimension minecraft:overworld
[16:15:26] [Server-Worker-6/INFO]: Preparing spawn area: 0%
[16:15:26] [Server-Worker-5/INFO]: Preparing spawn area: 0%
[16:15:27] [Server-Worker-5/INFO]: Preparing spawn area: 4%
[16:15:27] [Server-Worker-3/INFO]: Preparing spawn area: 10%
[16:15:28] [Server-Worker-6/INFO]: Preparing spawn area: 15%
[16:15:28] [Server-Worker-7/INFO]: Preparing spawn area: 22%
[16:15:29] [Server-Worker-2/INFO]: Preparing spawn area: 30%
[16:15:29] [Server-Worker-4/INFO]: Preparing spawn area: 34%
[16:15:30] [Server-Worker-6/INFO]: Preparing spawn area: 39%
[16:15:30] [Server-Worker-7/INFO]: Preparing spawn area: 46%
[16:15:31] [Server-Worker-3/INFO]: Preparing spawn area: 51%
[16:15:31] [Server-Worker-2/INFO]: Preparing spawn area: 58%
[16:15:32] [Server-Worker-4/INFO]: Preparing spawn area: 60%
[16:15:32] [Server-Worker-1/INFO]: Preparing spawn area: 70%
[16:15:33] [Server-Worker-2/INFO]: Preparing spawn area: 74%
[16:15:33] [Server-Worker-1/INFO]: Preparing spawn area: 78%
[16:15:34] [Server-Worker-3/INFO]: Preparing spawn area: 82%
[16:15:34] [Server-Worker-2/INFO]: Preparing spawn area: 86%
[16:15:35] [Server-Worker-5/INFO]: Preparing spawn area: 89%
[16:15:35] [Server-Worker-5/INFO]: Preparing spawn area: 93%
[16:15:36] [Server-Worker-6/INFO]: Preparing spawn area: 99%
[16:15:36] [Server thread/INFO]: Time elapsed: 10127 ms
[16:15:36] [Server thread/INFO]: Done (17.679s)! For help, type "help"
